{"meta": {"format": 3, "version": "7.13.5", "timestamp": "2026-04-01T06:14:50.443437", "branch_coverage": true, "show_contexts": false}, "files": {"wredis/_exceptions.py": {"executed_lines": [4, 7, 10, 13, 16, 19, 22, 25, 28, 31, 34, 37], "summary": {"covered_lines": 12, "num_statements": 12, "percent_covered": 100.0, "percent_covered_display": "100.00", "missing_lines": 0, "excluded_lines": 0, "percent_statements_covered": 100.0, "percent_statements_covered_display": "100.00", "num_branches": 0, "num_partial_branches": 0, "covered_branches": 0, "missing_branches": 0, "percent_branches_covered": 100.0, "percent_branches_covered_display": "100.00"}, "missing_lines": [], "excluded_lines": [], "executed_branches": [], "missing_branches": [], "functions": {"": {"executed_lines": [4, 7, 10, 13, 16, 19, 22, 25, 28, 31, 34, 37], "summary": {"covered_lines": 12, "num_statements": 12, "percent_covered": 100.0, "percent_covered_display": "100.00", "missing_lines": 0, "excluded_lines": 0, "percent_statements_covered": 100.0, "percent_statements_covered_display": "100.00", "num_branches": 0, "num_partial_branches": 0, "covered_branches": 0, "missing_branches": 0, "percent_branches_covered": 100.0, "percent_branches_covered_display": "100.00"}, "missing_lines": [], "excluded_lines": [], "start_line": 1, "executed_branches": [], "missing_branches": []}}, "classes": {"WRedisError": {"executed_lines": [], "summary": {"covered_lines": 0, "num_statements": 0, "percent_covered": 100.0, "percent_covered_display": "100.00", "missing_lines": 0, "excluded_lines": 0, "percent_statements_covered": 100.0, "percent_statements_covered_display": "100.00", "num_branches": 0, "num_partial_branches": 0, "covered_branches": 0, "missing_branches": 0, "percent_branches_covered": 100.0, "percent_branches_covered_display": "100.00"}, "missing_lines": [], "excluded_lines": [], "start_line": 4, "executed_branches": [], "missing_branches": []}, "RedisConnectionError": {"executed_lines": [], "summary": {"covered_lines": 0, "num_statements": 0, "percent_covered": 100.0, "percent_covered_display": "100.00", "missing_lines": 0, "excluded_lines": 0, "percent_statements_covered": 100.0, "percent_statements_covered_display": "100.00", "num_branches": 0, "num_partial_branches": 0, "covered_branches": 0, "missing_branches": 0, "percent_branches_covered": 100.0, "percent_branches_covered_display": "100.00"}, "missing_lines": [], "excluded_lines": [], "start_line": 10, "executed_branches": [], "missing_branches": []}, "SerializationError": {"executed_lines": [], "summary": {"covered_lines": 0, "num_statements": 0, "percent_covered": 100.0, "percent_covered_display": "100.00", "missing_lines": 0, "excluded_lines": 0, "percent_statements_covered": 100.0, "percent_statements_covered_display": "100.00", "num_branches": 0, "num_partial_branches": 0, "covered_branches": 0, "missing_branches": 0, "percent_branches_covered": 100.0, "percent_branches_covered_display": "100.00"}, "missing_lines": [], "excluded_lines": [], "start_line": 16, "executed_branches": [], "missing_branches": []}, "CacheError": {"executed_lines": [], "summary": {"covered_lines": 0, "num_statements": 0, "percent_covered": 100.0, "percent_covered_display": "100.00", "missing_lines": 0, "excluded_lines": 0, "percent_statements_covered": 100.0, "percent_statements_covered_display": "100.00", "num_branches": 0, "num_partial_branches": 0, "covered_branches": 0, "missing_branches": 0, "percent_branches_covered": 100.0, "percent_branches_covered_display": "100.00"}, "missing_lines": [], "excluded_lines": [], "start_line": 22, "executed_branches": [], "missing_branches": []}, "SentinelError": {"executed_lines": [], "summary": {"covered_lines": 0, "num_statements": 0, "percent_covered": 100.0, "percent_covered_display": "100.00", "missing_lines": 0, "excluded_lines": 0, "percent_statements_covered": 100.0, "percent_statements_covered_display": "100.00", "num_branches": 0, "num_partial_branches": 0, "covered_branches": 0, "missing_branches": 0, "percent_branches_covered": 100.0, "percent_branches_covered_display": "100.00"}, "missing_lines": [], "excluded_lines": [], "start_line": 28, "executed_branches": [], "missing_branches": []}, "ClusterError": {"executed_lines": [], "summary": {"covered_lines": 0, "num_statements": 0, "percent_covered": 100.0, "percent_covered_display": "100.00", "missing_lines": 0, "excluded_lines": 0, "percent_statements_covered": 100.0, "percent_statements_covered_display": "100.00", "num_branches": 0, "num_partial_branches": 0, "covered_branches": 0, "missing_branches": 0, "percent_branches_covered": 100.0, "percent_branches_covered_display": "100.00"}, "missing_lines": [], "excluded_lines": [], "start_line": 34, "executed_branches": [], "missing_branches": []}, "": {"executed_lines": [4, 7, 10, 13, 16, 19, 22, 25, 28, 31, 34, 37], "summary": {"covered_lines": 12, "num_statements": 12, "percent_covered": 100.0, "percent_covered_display": "100.00", "missing_lines": 0, "excluded_lines": 0, "percent_statements_covered": 100.0, "percent_statements_covered_display": "100.00", "num_branches": 0, "num_partial_branches": 0, "covered_branches": 0, "missing_branches": 0, "percent_branches_covered": 100.0, "percent_branches_covered_display": "100.00"}, "missing_lines": [], "excluded_lines": [], "start_line": 1, "executed_branches": [], "missing_branches": []}}}, "wredis/bitmap/__init__.py": {"executed_lines": [1, 3], "summary": {"covered_lines": 2, "num_statements": 2, "percent_covered": 100.0, "percent_covered_display": "100.00", "missing_lines": 0, "excluded_lines": 0, "percent_statements_covered": 100.0, "percent_statements_covered_display": "100.00", "num_branches": 0, "num_partial_branches": 0, "covered_branches": 0, "missing_branches": 0, "percent_branches_covered": 100.0, "percent_branches_covered_display": "100.00"}, "missing_lines": [], "excluded_lines": [], "executed_branches": [], "missing_branches": [], "functions": {"": {"executed_lines": [1, 3], "summary": {"covered_lines": 2, "num_statements": 2, "percent_covered": 100.0, "percent_covered_display": "100.00", "missing_lines": 0, "excluded_lines": 0, "percent_statements_covered": 100.0, "percent_statements_covered_display": "100.00", "num_branches": 0, "num_partial_branches": 0, "covered_branches": 0, "missing_branches": 0, "percent_branches_covered": 100.0, "percent_branches_covered_display": "100.00"}, "missing_lines": [], "excluded_lines": [], "start_line": 1, "executed_branches": [], "missing_branches": []}}, "classes": {"": {"executed_lines": [1, 3], "summary": {"covered_lines": 2, "num_statements": 2, "percent_covered": 100.0, "percent_covered_display": "100.00", "missing_lines": 0, "excluded_lines": 0, "percent_statements_covered": 100.0, "percent_statements_covered_display": "100.00", "num_branches": 0, "num_partial_branches": 0, "covered_branches": 0, "missing_branches": 0, "percent_branches_covered": 100.0, "percent_branches_covered_display": "100.00"}, "missing_lines": [], "excluded_lines": [], "start_line": 1, "executed_branches": [], "missing_branches": []}}}, "wredis/bitmap/bitmap.py": {"executed_lines": [1, 2, 5, 15, 31, 32, 34, 42, 45, 55, 56, 57, 59, 60, 61, 65, 76, 77, 78, 79, 84, 94, 95, 96, 97, 102, 112, 113, 114, 115, 116, 117, 119, 120, 125, 133, 134, 135, 136, 138], "summary": {"covered_lines": 40, "num_statements": 49, "percent_covered": 83.05084745762711, "percent_covered_display": "83.05", "missing_lines": 9, "excluded_lines": 5, "percent_statements_covered": 81.63265306122449, "percent_statements_covered_display": "81.63", "num_branches": 10, "num_partial_branches": 1, "covered_branches": 9, "missing_branches": 1, "percent_branches_covered": 90.0, "percent_branches_covered_display": "90.00"}, "missing_lines": [43, 62, 80, 82, 98, 100, 121, 123, 142], "excluded_lines": [63, 81, 99, 122, 143], "executed_branches": [[42, -34], [59, -45], [59, 60], [114, 115], [114, 116], [116, 117], [116, 119], [134, 135], [134, 138]], "missing_branches": [[42, 43]], "functions": {"RedisBitmapManager.__init__": {"executed_lines": [31, 32], "summary": {"covered_lines": 2, "num_statements": 2, "percent_covered": 100.0, "percent_covered_display": "100.00", "missing_lines": 0, "excluded_lines": 0, "percent_statements_covered": 100.0, "percent_statements_covered_display": "100.00", "num_branches": 0, "num_partial_branches": 0, "covered_branches": 0, "missing_branches": 0, "percent_branches_covered": 100.0, "percent_branches_covered_display": "100.00"}, "missing_lines": [], "excluded_lines": [], "start_line": 15, "executed_branches": [], "missing_branches": []}, "RedisBitmapManager.log": {"executed_lines": [42], "summary": {"covered_lines": 1, "num_statements": 2, "percent_covered": 50.0, "percent_covered_display": "50.00", "missing_lines": 1, "excluded_lines": 0, "percent_statements_covered": 50.0, "percent_statements_covered_display": "50.00", "num_branches": 2, "num_partial_branches": 1, "covered_branches": 1, "missing_branches": 1, "percent_branches_covered": 50.0, "percent_branches_covered_display": "50.00"}, "missing_lines": [43], "excluded_lines": [], "start_line": 34, "executed_branches": [[42, -34]], "missing_branches": [[42, 43]]}, "RedisBitmapManager.set_bit": {"executed_lines": [55, 56, 57, 59, 60, 61], "summary": {"covered_lines": 6, "num_statements": 7, "percent_covered": 88.88888888888889, "percent_covered_display": "88.89", "missing_lines": 1, "excluded_lines": 1, "percent_statements_covered": 85.71428571428571, "percent_statements_covered_display": "85.71", "num_branches": 2, "num_partial_branches": 0, "covered_branches": 2, "missing_branches": 0, "percent_branches_covered": 100.0, "percent_branches_covered_display": "100.00"}, "missing_lines": [62], "excluded_lines": [63], "start_line": 45, "executed_branches": [[59, -45], [59, 60]], "missing_branches": []}, "RedisBitmapManager.get_bit": {"executed_lines": [76, 77, 78, 79], "summary": {"covered_lines": 4, "num_statements": 6, "percent_covered": 66.66666666666667, "percent_covered_display": "66.67", "missing_lines": 2, "excluded_lines": 1, "percent_statements_covered": 66.66666666666667, "percent_statements_covered_display": "66.67", "num_branches": 0, "num_partial_branches": 0, "covered_branches": 0, "missing_branches": 0, "percent_branches_covered": 100.0, "percent_branches_covered_display": "100.00"}, "missing_lines": [80, 82], "excluded_lines": [81], "start_line": 65, "executed_branches": [], "missing_branches": []}, "RedisBitmapManager.count_bits": {"executed_lines": [94, 95, 96, 97], "summary": {"covered_lines": 4, "num_statements": 6, "percent_covered": 66.66666666666667, "percent_covered_display": "66.67", "missing_lines": 2, "excluded_lines": 1, "percent_statements_covered": 66.66666666666667, "percent_statements_covered_display": "66.67", "num_branches": 0, "num_partial_branches": 0, "covered_branches": 0, "missing_branches": 0, "percent_branches_covered": 100.0, "percent_branches_covered_display": "100.00"}, "missing_lines": [98, 100], "excluded_lines": [99], "start_line": 84, "executed_branches": [], "missing_branches": []}, "RedisBitmapManager.get_ttl": {"executed_lines": [112, 113, 114, 115, 116, 117, 119, 120], "summary": {"covered_lines": 8, "num_statements": 10, "percent_covered": 85.71428571428571, "percent_covered_display": "85.71", "missing_lines": 2, "excluded_lines": 1, "percent_statements_covered": 80.0, "percent_statements_covered_display": "80.00", "num_branches": 4, "num_partial_branches": 0, "covered_branches": 4, "missing_branches": 0, "percent_branches_covered": 100.0, "percent_branches_covered_display": "100.00"}, "missing_lines": [121, 123], "excluded_lines": [122], "start_line": 102, "executed_branches": [[114, 115], [114, 116], [116, 117], [116, 119]], "missing_branches": []}, "RedisBitmapManager.extend_ttl": {"executed_lines": [133, 134, 135, 136, 138], "summary": {"covered_lines": 5, "num_statements": 6, "percent_covered": 87.5, "percent_covered_display": "87.50", "missing_lines": 1, "excluded_lines": 1, "percent_statements_covered": 83.33333333333333, "percent_statements_covered_display": "83.33", "num_branches": 2, "num_partial_branches": 0, "covered_branches": 2, "missing_branches": 0, "percent_branches_covered": 100.0, "percent_branches_covered_display": "100.00"}, "missing_lines": [142], "excluded_lines": [143], "start_line": 125, "executed_branches": [[134, 135], [134, 138]], "missing_branches": []}, "": {"executed_lines": [1, 2, 5, 15, 34, 45, 65, 84, 102, 125], "summary": {"covered_lines": 10, "num_statements": 10, "percent_covered": 100.0, "percent_covered_display": "100.00", "missing_lines": 0, "excluded_lines": 0, "percent_statements_covered": 100.0, "percent_statements_covered_display": "100.00", "num_branches": 0, "num_partial_branches": 0, "covered_branches": 0, "missing_branches": 0, "percent_branches_covered": 100.0, "percent_branches_covered_display": "100.00"}, "missing_lines": [], "excluded_lines": [], "start_line": 1, "executed_branches": [], "missing_branches": []}}, "classes": {"RedisBitmapManager": {"executed_lines": [31, 32, 42, 55, 56, 57, 59, 60, 61, 76, 77, 78, 79, 94, 95, 96, 97, 112, 113, 114, 115, 116, 117, 119, 120, 133, 134, 135, 136, 138], "summary": {"covered_lines": 30, "num_statements": 39, "percent_covered": 79.59183673469387, "percent_covered_display": "79.59", "missing_lines": 9, "excluded_lines": 5, "percent_statements_covered": 76.92307692307692, "percent_statements_covered_display": "76.92", "num_branches": 10, "num_partial_branches": 1, "covered_branches": 9, "missing_branches": 1, "percent_branches_covered": 90.0, "percent_branches_covered_display": "90.00"}, "missing_lines": [43, 62, 80, 82, 98, 100, 121, 123, 142], "excluded_lines": [63, 81, 99, 122, 143], "start_line": 5, "executed_branches": [[42, -34], [59, -45], [59, 60], [114, 115], [114, 116], [116, 117], [116, 119], [134, 135], [134, 138]], "missing_branches": [[42, 43]]}, "": {"executed_lines": [1, 2, 5, 15, 34, 45, 65, 84, 102, 125], "summary": {"covered_lines": 10, "num_statements": 10, "percent_covered": 100.0, "percent_covered_display": "100.00", "missing_lines": 0, "excluded_lines": 0, "percent_statements_covered": 100.0, "percent_statements_covered_display": "100.00", "num_branches": 0, "num_partial_branches": 0, "covered_branches": 0, "missing_branches": 0, "percent_branches_covered": 100.0, "percent_branches_covered_display": "100.00"}, "missing_lines": [], "excluded_lines": [], "start_line": 1, "executed_branches": [], "missing_branches": []}}}, "wredis/geo/__init__.py": {"executed_lines": [3, 5], "summary": {"covered_lines": 2, "num_statements": 2, "percent_covered": 100.0, "percent_covered_display": "100.00", "missing_lines": 0, "excluded_lines": 0, "percent_statements_covered": 100.0, "percent_statements_covered_display": "100.00", "num_branches": 0, "num_partial_branches": 0, "covered_branches": 0, "missing_branches": 0, "percent_branches_covered": 100.0, "percent_branches_covered_display": "100.00"}, "missing_lines": [], "excluded_lines": [], "executed_branches": [], "missing_branches": [], "functions": {"": {"executed_lines": [3, 5], "summary": {"covered_lines": 2, "num_statements": 2, "percent_covered": 100.0, "percent_covered_display": "100.00", "missing_lines": 0, "excluded_lines": 0, "percent_statements_covered": 100.0, "percent_statements_covered_display": "100.00", "num_branches": 0, "num_partial_branches": 0, "covered_branches": 0, "missing_branches": 0, "percent_branches_covered": 100.0, "percent_branches_covered_display": "100.00"}, "missing_lines": [], "excluded_lines": [], "start_line": 1, "executed_branches": [], "missing_branches": []}}, "classes": {"": {"executed_lines": [3, 5], "summary": {"covered_lines": 2, "num_statements": 2, "percent_covered": 100.0, "percent_covered_display": "100.00", "missing_lines": 0, "excluded_lines": 0, "percent_statements_covered": 100.0, "percent_statements_covered_display": "100.00", "num_branches": 0, "num_partial_branches": 0, "covered_branches": 0, "missing_branches": 0, "percent_branches_covered": 100.0, "percent_branches_covered_display": "100.00"}, "missing_lines": [], "excluded_lines": [], "start_line": 1, "executed_branches": [], "missing_branches": []}}}, "wredis/geo/geo.py": {"executed_lines": [3, 5, 6, 9, 17, 25, 26, 28, 30, 33, 42, 43, 44, 48, 60, 61, 62, 63, 68, 78, 79, 80, 81, 82, 83, 86, 87, 92, 108, 109, 110, 111, 116, 132, 133, 136, 137], "summary": {"covered_lines": 37, "num_statements": 48, "percent_covered": 75.92592592592592, "percent_covered_display": "75.93", "missing_lines": 11, "excluded_lines": 5, "percent_statements_covered": 77.08333333333333, "percent_statements_covered_display": "77.08", "num_branches": 6, "num_partial_branches": 2, "covered_branches": 4, "missing_branches": 2, "percent_branches_covered": 66.66666666666667, "percent_branches_covered_display": "66.67"}, "missing_lines": [31, 45, 64, 66, 85, 88, 90, 112, 114, 138, 140], "excluded_lines": [46, 65, 89, 113, 139], "executed_branches": [[30, -28], [81, 82], [81, 86], [82, 83]], "missing_branches": [[30, 31], [82, 85]], "functions": {"RedisGeoManager.__init__": {"executed_lines": [25, 26], "summary": {"covered_lines": 2, "num_statements": 2, "percent_covered": 100.0, "percent_covered_display": "100.00", "missing_lines": 0, "excluded_lines": 0, "percent_statements_covered": 100.0, "percent_statements_covered_display": "100.00", "num_branches": 0, "num_partial_branches": 0, "covered_branches": 0, "missing_branches": 0, "percent_branches_covered": 100.0, "percent_branches_covered_display": "100.00"}, "missing_lines": [], "excluded_lines": [], "start_line": 17, "executed_branches": [], "missing_branches": []}, "RedisGeoManager.log": {"executed_lines": [30], "summary": {"covered_lines": 1, "num_statements": 2, "percent_covered": 50.0, "percent_covered_display": "50.00", "missing_lines": 1, "excluded_lines": 0, "percent_statements_covered": 50.0, "percent_statements_covered_display": "50.00", "num_branches": 2, "num_partial_branches": 1, "covered_branches": 1, "missing_branches": 1, "percent_branches_covered": 50.0, "percent_branches_covered_display": "50.00"}, "missing_lines": [31], "excluded_lines": [], "start_line": 28, "executed_branches": [[30, -28]], "missing_branches": [[30, 31]]}, "RedisGeoManager.add_location": {"executed_lines": [42, 43, 44], "summary": {"covered_lines": 3, "num_statements": 4, "percent_covered": 75.0, "percent_covered_display": "75.00", "missing_lines": 1, "excluded_lines": 1, "percent_statements_covered": 75.0, "percent_statements_covered_display": "75.00", "num_branches": 0, "num_partial_branches": 0, "covered_branches": 0, "missing_branches": 0, "percent_branches_covered": 100.0, "percent_branches_covered_display": "100.00"}, "missing_lines": [45], "excluded_lines": [46], "start_line": 33, "executed_branches": [], "missing_branches": []}, "RedisGeoManager.get_distance": {"executed_lines": [60, 61, 62, 63], "summary": {"covered_lines": 4, "num_statements": 6, "percent_covered": 66.66666666666667, "percent_covered_display": "66.67", "missing_lines": 2, "excluded_lines": 1, "percent_statements_covered": 66.66666666666667, "percent_statements_covered_display": "66.67", "num_branches": 0, "num_partial_branches": 0, "covered_branches": 0, "missing_branches": 0, "percent_branches_covered": 100.0, "percent_branches_covered_display": "100.00"}, "missing_lines": [64, 66], "excluded_lines": [65], "start_line": 48, "executed_branches": [], "missing_branches": []}, "RedisGeoManager.get_positions": {"executed_lines": [78, 79, 80, 81, 82, 83, 86, 87], "summary": {"covered_lines": 8, "num_statements": 11, "percent_covered": 73.33333333333333, "percent_covered_display": "73.33", "missing_lines": 3, "excluded_lines": 1, "percent_statements_covered": 72.72727272727273, "percent_statements_covered_display": "72.73", "num_branches": 4, "num_partial_branches": 1, "covered_branches": 3, "missing_branches": 1, "percent_branches_covered": 75.0, "percent_branches_covered_display": "75.00"}, "missing_lines": [85, 88, 90], "excluded_lines": [89], "start_line": 68, "executed_branches": [[81, 82], [81, 86], [82, 83]], "missing_branches": [[82, 85]]}, "RedisGeoManager.search_nearby": {"executed_lines": [108, 109, 110, 111], "summary": {"covered_lines": 4, "num_statements": 6, "percent_covered": 66.66666666666667, "percent_covered_display": "66.67", "missing_lines": 2, "excluded_lines": 1, "percent_statements_covered": 66.66666666666667, "percent_statements_covered_display": "66.67", "num_branches": 0, "num_partial_branches": 0, "covered_branches": 0, "missing_branches": 0, "percent_branches_covered": 100.0, "percent_branches_covered_display": "100.00"}, "missing_lines": [112, 114], "excluded_lines": [113], "start_line": 92, "executed_branches": [], "missing_branches": []}, "RedisGeoManager.search_nearby_with_distance": {"executed_lines": [132, 133, 136, 137], "summary": {"covered_lines": 4, "num_statements": 6, "percent_covered": 66.66666666666667, "percent_covered_display": "66.67", "missing_lines": 2, "excluded_lines": 1, "percent_statements_covered": 66.66666666666667, "percent_statements_covered_display": "66.67", "num_branches": 0, "num_partial_branches": 0, "covered_branches": 0, "missing_branches": 0, "percent_branches_covered": 100.0, "percent_branches_covered_display": "100.00"}, "missing_lines": [138, 140], "excluded_lines": [139], "start_line": 116, "executed_branches": [], "missing_branches": []}, "": {"executed_lines": [3, 5, 6, 9, 17, 28, 33, 48, 68, 92, 116], "summary": {"covered_lines": 11, "num_statements": 11, "percent_covered": 100.0, "percent_covered_display": "100.00", "missing_lines": 0, "excluded_lines": 0, "percent_statements_covered": 100.0, "percent_statements_covered_display": "100.00", "num_branches": 0, "num_partial_branches": 0, "covered_branches": 0, "missing_branches": 0, "percent_branches_covered": 100.0, "percent_branches_covered_display": "100.00"}, "missing_lines": [], "excluded_lines": [], "start_line": 1, "executed_branches": [], "missing_branches": []}}, "classes": {"RedisGeoManager": {"executed_lines": [25, 26, 30, 42, 43, 44, 60, 61, 62, 63, 78, 79, 80, 81, 82, 83, 86, 87, 108, 109, 110, 111, 132, 133, 136, 137], "summary": {"covered_lines": 26, "num_statements": 37, "percent_covered": 69.76744186046511, "percent_covered_display": "69.77", "missing_lines": 11, "excluded_lines": 5, "percent_statements_covered": 70.27027027027027, "percent_statements_covered_display": "70.27", "num_branches": 6, "num_partial_branches": 2, "covered_branches": 4, "missing_branches": 2, "percent_branches_covered": 66.66666666666667, "percent_branches_covered_display": "66.67"}, "missing_lines": [31, 45, 64, 66, 85, 88, 90, 112, 114, 138, 140], "excluded_lines": [46, 65, 89, 113, 139], "start_line": 9, "executed_branches": [[30, -28], [81, 82], [81, 86], [82, 83]], "missing_branches": [[30, 31], [82, 85]]}, "": {"executed_lines": [3, 5, 6, 9, 17, 28, 33, 48, 68, 92, 116], "summary": {"covered_lines": 11, "num_statements": 11, "percent_covered": 100.0, "percent_covered_display": "100.00", "missing_lines": 0, "excluded_lines": 0, "percent_statements_covered": 100.0, "percent_statements_covered_display": "100.00", "num_branches": 0, "num_partial_branches": 0, "covered_branches": 0, "missing_branches": 0, "percent_branches_covered": 100.0, "percent_branches_covered_display": "100.00"}, "missing_lines": [], "excluded_lines": [], "start_line": 1, "executed_branches": [], "missing_branches": []}}}, "wredis/hash/__init__.py": {"executed_lines": [1, 3], "summary": {"covered_lines": 2, "num_statements": 2, "percent_covered": 100.0, "percent_covered_display": "100.00", "missing_lines": 0, "excluded_lines": 0, "percent_statements_covered": 100.0, "percent_statements_covered_display": "100.00", "num_branches": 0, "num_partial_branches": 0, "covered_branches": 0, "missing_branches": 0, "percent_branches_covered": 100.0, "percent_branches_covered_display": "100.00"}, "missing_lines": [], "excluded_lines": [], "executed_branches": [], "missing_branches": [], "functions": {"": {"executed_lines": [1, 3], "summary": {"covered_lines": 2, "num_statements": 2, "percent_covered": 100.0, "percent_covered_display": "100.00", "missing_lines": 0, "excluded_lines": 0, "percent_statements_covered": 100.0, "percent_statements_covered_display": "100.00", "num_branches": 0, "num_partial_branches": 0, "covered_branches": 0, "missing_branches": 0, "percent_branches_covered": 100.0, "percent_branches_covered_display": "100.00"}, "missing_lines": [], "excluded_lines": [], "start_line": 1, "executed_branches": [], "missing_branches": []}}, "classes": {"": {"executed_lines": [1, 3], "summary": {"covered_lines": 2, "num_statements": 2, "percent_covered": 100.0, "percent_covered_display": "100.00", "missing_lines": 0, "excluded_lines": 0, "percent_statements_covered": 100.0, "percent_statements_covered_display": "100.00", "num_branches": 0, "num_partial_branches": 0, "covered_branches": 0, "missing_branches": 0, "percent_branches_covered": 100.0, "percent_branches_covered_display": "100.00"}, "missing_lines": [], "excluded_lines": [], "start_line": 1, "executed_branches": [], "missing_branches": []}}}, "wredis/hash/hash.py": {"executed_lines": [1, 2, 4, 5, 8, 18, 34, 35, 37, 45, 48, 58, 59, 60, 61, 63, 64, 65, 69, 80, 81, 82, 83, 84, 85, 86, 87, 89, 93, 98, 107, 108, 110, 111, 112, 113, 115, 116, 120, 128, 129, 130, 131, 133, 140, 150, 151, 152, 153, 154, 155, 156, 157, 158, 160, 161, 163, 164, 169, 179, 180, 181, 182, 183, 184, 186, 187, 192, 200, 201, 202, 203, 205], "summary": {"covered_lines": 73, "num_statements": 84, "percent_covered": 88.46153846153847, "percent_covered_display": "88.46", "missing_lines": 11, "excluded_lines": 7, "percent_statements_covered": 86.9047619047619, "percent_statements_covered_display": "86.90", "num_branches": 20, "num_partial_branches": 1, "covered_branches": 19, "missing_branches": 1, "percent_branches_covered": 95.0, "percent_branches_covered_display": "95.00"}, "missing_lines": [46, 66, 94, 96, 117, 137, 165, 167, 188, 190, 209], "excluded_lines": [67, 95, 118, 138, 166, 189, 210], "executed_branches": [[45, -37], [63, -48], [63, 64], [82, 83], [82, 89], [110, 111], [110, 115], [130, 131], [130, 133], [152, 153], [152, 163], [154, 155], [154, 160], [181, 182], [181, 183], [183, 184], [183, 186], [201, 202], [201, 205]], "missing_branches": [[45, 46]], "functions": {"RedisHashManager.__init__": {"executed_lines": [34, 35], "summary": {"covered_lines": 2, "num_statements": 2, "percent_covered": 100.0, "percent_covered_display": "100.00", "missing_lines": 0, "excluded_lines": 0, "percent_statements_covered": 100.0, "percent_statements_covered_display": "100.00", "num_branches": 0, "num_partial_branches": 0, "covered_branches": 0, "missing_branches": 0, "percent_branches_covered": 100.0, "percent_branches_covered_display": "100.00"}, "missing_lines": [], "excluded_lines": [], "start_line": 18, "executed_branches": [], "missing_branches": []}, "RedisHashManager.log": {"executed_lines": [45], "summary": {"covered_lines": 1, "num_statements": 2, "percent_covered": 50.0, "percent_covered_display": "50.00", "missing_lines": 1, "excluded_lines": 0, "percent_statements_covered": 50.0, "percent_statements_covered_display": "50.00", "num_branches": 2, "num_partial_branches": 1, "covered_branches": 1, "missing_branches": 1, "percent_branches_covered": 50.0, "percent_branches_covered_display": "50.00"}, "missing_lines": [46], "excluded_lines": [], "start_line": 37, "executed_branches": [[45, -37]], "missing_branches": [[45, 46]]}, "RedisHashManager.create_hash": {"executed_lines": [58, 59, 60, 61, 63, 64, 65], "summary": {"covered_lines": 7, "num_statements": 8, "percent_covered": 90.0, "percent_covered_display": "90.00", "missing_lines": 1, "excluded_lines": 1, "percent_statements_covered": 87.5, "percent_statements_covered_display": "87.50", "num_branches": 2, "num_partial_branches": 0, "covered_branches": 2, "missing_branches": 0, "percent_branches_covered": 100.0, "percent_branches_covered_display": "100.00"}, "missing_lines": [66], "excluded_lines": [67], "start_line": 48, "executed_branches": [[63, -48], [63, 64]], "missing_branches": []}, "RedisHashManager.read_hash": {"executed_lines": [80, 81, 82, 83, 84, 85, 86, 87, 89, 93], "summary": {"covered_lines": 10, "num_statements": 12, "percent_covered": 85.71428571428571, "percent_covered_display": "85.71", "missing_lines": 2, "excluded_lines": 1, "percent_statements_covered": 83.33333333333333, "percent_statements_covered_display": "83.33", "num_branches": 2, "num_partial_branches": 0, "covered_branches": 2, "missing_branches": 0, "percent_branches_covered": 100.0, "percent_branches_covered_display": "100.00"}, "missing_lines": [94, 96], "excluded_lines": [95], "start_line": 69, "executed_branches": [[82, 83], [82, 89]], "missing_branches": []}, "RedisHashManager.update_hash": {"executed_lines": [107, 108, 110, 111, 112, 113, 115, 116], "summary": {"covered_lines": 8, "num_statements": 9, "percent_covered": 90.9090909090909, "percent_covered_display": "90.91", "missing_lines": 1, "excluded_lines": 1, "percent_statements_covered": 88.88888888888889, "percent_statements_covered_display": "88.89", "num_branches": 2, "num_partial_branches": 0, "covered_branches": 2, "missing_branches": 0, "percent_branches_covered": 100.0, "percent_branches_covered_display": "100.00"}, "missing_lines": [117], "excluded_lines": [118], "start_line": 98, "executed_branches": [[110, 111], [110, 115]], "missing_branches": []}, "RedisHashManager.delete_hash_field": {"executed_lines": [128, 129, 130, 131, 133], "summary": {"covered_lines": 5, "num_statements": 6, "percent_covered": 87.5, "percent_covered_display": "87.50", "missing_lines": 1, "excluded_lines": 1, "percent_statements_covered": 83.33333333333333, "percent_statements_covered_display": "83.33", "num_branches": 2, "num_partial_branches": 0, "covered_branches": 2, "missing_branches": 0, "percent_branches_covered": 100.0, "percent_branches_covered_display": "100.00"}, "missing_lines": [137], "excluded_lines": [138], "start_line": 120, "executed_branches": [[130, 131], [130, 133]], "missing_branches": []}, "RedisHashManager.read_all_hash": {"executed_lines": [150, 151, 152, 153, 154, 155, 156, 157, 158, 160, 161, 163, 164], "summary": {"covered_lines": 13, "num_statements": 15, "percent_covered": 89.47368421052632, "percent_covered_display": "89.47", "missing_lines": 2, "excluded_lines": 1, "percent_statements_covered": 86.66666666666667, "percent_statements_covered_display": "86.67", "num_branches": 4, "num_partial_branches": 0, "covered_branches": 4, "missing_branches": 0, "percent_branches_covered": 100.0, "percent_branches_covered_display": "100.00"}, "missing_lines": [165, 167], "excluded_lines": [166], "start_line": 140, "executed_branches": [[152, 153], [152, 163], [154, 155], [154, 160]], "missing_branches": []}, "RedisHashManager.get_ttl": {"executed_lines": [179, 180, 181, 182, 183, 184, 186, 187], "summary": {"covered_lines": 8, "num_statements": 10, "percent_covered": 85.71428571428571, "percent_covered_display": "85.71", "missing_lines": 2, "excluded_lines": 1, "percent_statements_covered": 80.0, "percent_statements_covered_display": "80.00", "num_branches": 4, "num_partial_branches": 0, "covered_branches": 4, "missing_branches": 0, "percent_branches_covered": 100.0, "percent_branches_covered_display": "100.00"}, "missing_lines": [188, 190], "excluded_lines": [189], "start_line": 169, "executed_branches": [[181, 182], [181, 183], [183, 184], [183, 186]], "missing_branches": []}, "RedisHashManager.extend_ttl": {"executed_lines": [200, 201, 202, 203, 205], "summary": {"covered_lines": 5, "num_statements": 6, "percent_covered": 87.5, "percent_covered_display": "87.50", "missing_lines": 1, "excluded_lines": 1, "percent_statements_covered": 83.33333333333333, "percent_statements_covered_display": "83.33", "num_branches": 2, "num_partial_branches": 0, "covered_branches": 2, "missing_branches": 0, "percent_branches_covered": 100.0, "percent_branches_covered_display": "100.00"}, "missing_lines": [209], "excluded_lines": [210], "start_line": 192, "executed_branches": [[201, 202], [201, 205]], "missing_branches": []}, "": {"executed_lines": [1, 2, 4, 5, 8, 18, 37, 48, 69, 98, 120, 140, 169, 192], "summary": {"covered_lines": 14, "num_statements": 14, "percent_covered": 100.0, "percent_covered_display": "100.00", "missing_lines": 0, "excluded_lines": 0, "percent_statements_covered": 100.0, "percent_statements_covered_display": "100.00", "num_branches": 0, "num_partial_branches": 0, "covered_branches": 0, "missing_branches": 0, "percent_branches_covered": 100.0, "percent_branches_covered_display": "100.00"}, "missing_lines": [], "excluded_lines": [], "start_line": 1, "executed_branches": [], "missing_branches": []}}, "classes": {"RedisHashManager": {"executed_lines": [34, 35, 45, 58, 59, 60, 61, 63, 64, 65, 80, 81, 82, 83, 84, 85, 86, 87, 89, 93, 107, 108, 110, 111, 112, 113, 115, 116, 128, 129, 130, 131, 133, 150, 151, 152, 153, 154, 155, 156, 157, 158, 160, 161, 163, 164, 179, 180, 181, 182, 183, 184, 186, 187, 200, 201, 202, 203, 205], "summary": {"covered_lines": 59, "num_statements": 70, "percent_covered": 86.66666666666667, "percent_covered_display": "86.67", "missing_lines": 11, "excluded_lines": 7, "percent_statements_covered": 84.28571428571429, "percent_statements_covered_display": "84.29", "num_branches": 20, "num_partial_branches": 1, "covered_branches": 19, "missing_branches": 1, "percent_branches_covered": 95.0, "percent_branches_covered_display": "95.00"}, "missing_lines": [46, 66, 94, 96, 117, 137, 165, 167, 188, 190, 209], "excluded_lines": [67, 95, 118, 138, 166, 189, 210], "start_line": 8, "executed_branches": [[45, -37], [63, -48], [63, 64], [82, 83], [82, 89], [110, 111], [110, 115], [130, 131], [130, 133], [152, 153], [152, 163], [154, 155], [154, 160], [181, 182], [181, 183], [183, 184], [183, 186], [201, 202], [201, 205]], "missing_branches": [[45, 46]]}, "": {"executed_lines": [1, 2, 4, 5, 8, 18, 37, 48, 69, 98, 120, 140, 169, 192], "summary": {"covered_lines": 14, "num_statements": 14, "percent_covered": 100.0, "percent_covered_display": "100.00", "missing_lines": 0, "excluded_lines": 0, "percent_statements_covered": 100.0, "percent_statements_covered_display": "100.00", "num_branches": 0, "num_partial_branches": 0, "covered_branches": 0, "missing_branches": 0, "percent_branches_covered": 100.0, "percent_branches_covered_display": "100.00"}, "missing_lines": [], "excluded_lines": [], "start_line": 1, "executed_branches": [], "missing_branches": []}}}, "wredis/hyperloglog/__init__.py": {"executed_lines": [3, 5], "summary": {"covered_lines": 2, "num_statements": 2, "percent_covered": 100.0, "percent_covered_display": "100.00", "missing_lines": 0, "excluded_lines": 0, "percent_statements_covered": 100.0, "percent_statements_covered_display": "100.00", "num_branches": 0, "num_partial_branches": 0, "covered_branches": 0, "missing_branches": 0, "percent_branches_covered": 100.0, "percent_branches_covered_display": "100.00"}, "missing_lines": [], "excluded_lines": [], "executed_branches": [], "missing_branches": [], "functions": {"": {"executed_lines": [3, 5], "summary": {"covered_lines": 2, "num_statements": 2, "percent_covered": 100.0, "percent_covered_display": "100.00", "missing_lines": 0, "excluded_lines": 0, "percent_statements_covered": 100.0, "percent_statements_covered_display": "100.00", "num_branches": 0, "num_partial_branches": 0, "covered_branches": 0, "missing_branches": 0, "percent_branches_covered": 100.0, "percent_branches_covered_display": "100.00"}, "missing_lines": [], "excluded_lines": [], "start_line": 1, "executed_branches": [], "missing_branches": []}}, "classes": {"": {"executed_lines": [3, 5], "summary": {"covered_lines": 2, "num_statements": 2, "percent_covered": 100.0, "percent_covered_display": "100.00", "missing_lines": 0, "excluded_lines": 0, "percent_statements_covered": 100.0, "percent_statements_covered_display": "100.00", "num_branches": 0, "num_partial_branches": 0, "covered_branches": 0, "missing_branches": 0, "percent_branches_covered": 100.0, "percent_branches_covered_display": "100.00"}, "missing_lines": [], "excluded_lines": [], "start_line": 1, "executed_branches": [], "missing_branches": []}}}, "wredis/hyperloglog/hyperloglog.py": {"executed_lines": [3, 4, 7, 15, 23, 24, 26, 28, 31, 38, 39, 40, 44, 53, 54, 55, 56, 61, 68, 69, 70, 74], "summary": {"covered_lines": 22, "num_statements": 34, "percent_covered": 60.526315789473685, "percent_covered_display": "60.53", "missing_lines": 12, "excluded_lines": 4, "percent_statements_covered": 64.70588235294117, "percent_statements_covered_display": "64.71", "num_branches": 4, "num_partial_branches": 1, "covered_branches": 1, "missing_branches": 3, "percent_branches_covered": 25.0, "percent_branches_covered_display": "25.00"}, "missing_lines": [29, 41, 57, 59, 71, 85, 86, 87, 88, 89, 90, 92], "excluded_lines": [42, 58, 72, 91], "executed_branches": [[28, -26]], "missing_branches": [[28, 29], [87, 88], [87, 89]], "functions": {"RedisHyperLogLogManager.__init__": {"executed_lines": [23, 24], "summary": {"covered_lines": 2, "num_statements": 2, "percent_covered": 100.0, "percent_covered_display": "100.00", "missing_lines": 0, "excluded_lines": 0, "percent_statements_covered": 100.0, "percent_statements_covered_display": "100.00", "num_branches": 0, "num_partial_branches": 0, "covered_branches": 0, "missing_branches": 0, "percent_branches_covered": 100.0, "percent_branches_covered_display": "100.00"}, "missing_lines": [], "excluded_lines": [], "start_line": 15, "executed_branches": [], "missing_branches": []}, "RedisHyperLogLogManager.log": {"executed_lines": [28], "summary": {"covered_lines": 1, "num_statements": 2, "percent_covered": 50.0, "percent_covered_display": "50.00", "missing_lines": 1, "excluded_lines": 0, "percent_statements_covered": 50.0, "percent_statements_covered_display": "50.00", "num_branches": 2, "num_partial_branches": 1, "covered_branches": 1, "missing_branches": 1, "percent_branches_covered": 50.0, "percent_branches_covered_display": "50.00"}, "missing_lines": [29], "excluded_lines": [], "start_line": 26, "executed_branches": [[28, -26]], "missing_branches": [[28, 29]]}, "RedisHyperLogLogManager.add": {"executed_lines": [38, 39, 40], "summary": {"covered_lines": 3, "num_statements": 4, "percent_covered": 75.0, "percent_covered_display": "75.00", "missing_lines": 1, "excluded_lines": 1, "percent_statements_covered": 75.0, "percent_statements_covered_display": "75.00", "num_branches": 0, "num_partial_branches": 0, "covered_branches": 0, "missing_branches": 0, "percent_branches_covered": 100.0, "percent_branches_covered_display": "100.00"}, "missing_lines": [41], "excluded_lines": [42], "start_line": 31, "executed_branches": [], "missing_branches": []}, "RedisHyperLogLogManager.count": {"executed_lines": [53, 54, 55, 56], "summary": {"covered_lines": 4, "num_statements": 6, "percent_covered": 66.66666666666667, "percent_covered_display": "66.67", "missing_lines": 2, "excluded_lines": 1, "percent_statements_covered": 66.66666666666667, "percent_statements_covered_display": "66.67", "num_branches": 0, "num_partial_branches": 0, "covered_branches": 0, "missing_branches": 0, "percent_branches_covered": 100.0, "percent_branches_covered_display": "100.00"}, "missing_lines": [57, 59], "excluded_lines": [58], "start_line": 44, "executed_branches": [], "missing_branches": []}, "RedisHyperLogLogManager.merge": {"executed_lines": [68, 69, 70], "summary": {"covered_lines": 3, "num_statements": 4, "percent_covered": 75.0, "percent_covered_display": "75.00", "missing_lines": 1, "excluded_lines": 1, "percent_statements_covered": 75.0, "percent_statements_covered_display": "75.00", "num_branches": 0, "num_partial_branches": 0, "covered_branches": 0, "missing_branches": 0, "percent_branches_covered": 100.0, "percent_branches_covered_display": "100.00"}, "missing_lines": [71], "excluded_lines": [72], "start_line": 61, "executed_branches": [], "missing_branches": []}, "RedisHyperLogLogManager.get_all": {"executed_lines": [], "summary": {"covered_lines": 0, "num_statements": 7, "percent_covered": 0.0, "percent_covered_display": "0.00", "missing_lines": 7, "excluded_lines": 1, "percent_statements_covered": 0.0, "percent_statements_covered_display": "0.00", "num_branches": 2, "num_partial_branches": 0, "covered_branches": 0, "missing_branches": 2, "percent_branches_covered": 0.0, "percent_branches_covered_display": "0.00"}, "missing_lines": [85, 86, 87, 88, 89, 90, 92], "excluded_lines": [91], "start_line": 74, "executed_branches": [], "missing_branches": [[87, 88], [87, 89]]}, "": {"executed_lines": [3, 4, 7, 15, 26, 31, 44, 61, 74], "summary": {"covered_lines": 9, "num_statements": 9, "percent_covered": 100.0, "percent_covered_display": "100.00", "missing_lines": 0, "excluded_lines": 0, "percent_statements_covered": 100.0, "percent_statements_covered_display": "100.00", "num_branches": 0, "num_partial_branches": 0, "covered_branches": 0, "missing_branches": 0, "percent_branches_covered": 100.0, "percent_branches_covered_display": "100.00"}, "missing_lines": [], "excluded_lines": [], "start_line": 1, "executed_branches": [], "missing_branches": []}}, "classes": {"RedisHyperLogLogManager": {"executed_lines": [23, 24, 28, 38, 39, 40, 53, 54, 55, 56, 68, 69, 70], "summary": {"covered_lines": 13, "num_statements": 25, "percent_covered": 48.275862068965516, "percent_covered_display": "48.28", "missing_lines": 12, "excluded_lines": 4, "percent_statements_covered": 52.0, "percent_statements_covered_display": "52.00", "num_branches": 4, "num_partial_branches": 1, "covered_branches": 1, "missing_branches": 3, "percent_branches_covered": 25.0, "percent_branches_covered_display": "25.00"}, "missing_lines": [29, 41, 57, 59, 71, 85, 86, 87, 88, 89, 90, 92], "excluded_lines": [42, 58, 72, 91], "start_line": 7, "executed_branches": [[28, -26]], "missing_branches": [[28, 29], [87, 88], [87, 89]]}, "": {"executed_lines": [3, 4, 7, 15, 26, 31, 44, 61, 74], "summary": {"covered_lines": 9, "num_statements": 9, "percent_covered": 100.0, "percent_covered_display": "100.00", "missing_lines": 0, "excluded_lines": 0, "percent_statements_covered": 100.0, "percent_statements_covered_display": "100.00", "num_branches": 0, "num_partial_branches": 0, "covered_branches": 0, "missing_branches": 0, "percent_branches_covered": 100.0, "percent_branches_covered_display": "100.00"}, "missing_lines": [], "excluded_lines": [], "start_line": 1, "executed_branches": [], "missing_branches": []}}}, "wredis/pipeline/__init__.py": {"executed_lines": [3, 5], "summary": {"covered_lines": 2, "num_statements": 2, "percent_covered": 100.0, "percent_covered_display": "100.00", "missing_lines": 0, "excluded_lines": 0, "percent_statements_covered": 100.0, "percent_statements_covered_display": "100.00", "num_branches": 0, "num_partial_branches": 0, "covered_branches": 0, "missing_branches": 0, "percent_branches_covered": 100.0, "percent_branches_covered_display": "100.00"}, "missing_lines": [], "excluded_lines": [], "executed_branches": [], "missing_branches": [], "functions": {"": {"executed_lines": [3, 5], "summary": {"covered_lines": 2, "num_statements": 2, "percent_covered": 100.0, "percent_covered_display": "100.00", "missing_lines": 0, "excluded_lines": 0, "percent_statements_covered": 100.0, "percent_statements_covered_display": "100.00", "num_branches": 0, "num_partial_branches": 0, "covered_branches": 0, "missing_branches": 0, "percent_branches_covered": 100.0, "percent_branches_covered_display": "100.00"}, "missing_lines": [], "excluded_lines": [], "start_line": 1, "executed_branches": [], "missing_branches": []}}, "classes": {"": {"executed_lines": [3, 5], "summary": {"covered_lines": 2, "num_statements": 2, "percent_covered": 100.0, "percent_covered_display": "100.00", "missing_lines": 0, "excluded_lines": 0, "percent_statements_covered": 100.0, "percent_statements_covered_display": "100.00", "num_branches": 0, "num_partial_branches": 0, "covered_branches": 0, "missing_branches": 0, "percent_branches_covered": 100.0, "percent_branches_covered_display": "100.00"}, "missing_lines": [], "excluded_lines": [], "start_line": 1, "executed_branches": [], "missing_branches": []}}}, "wredis/pipeline/pipeline.py": {"executed_lines": [3, 5, 6, 9, 17, 25, 26, 28, 30, 33, 42, 43, 44, 45, 46, 47, 48, 53, 63, 64, 65, 66, 67, 68, 73, 82, 83, 84, 85, 86, 87, 92, 101, 102, 103, 104, 105, 106, 107, 112, 121, 122, 123, 124, 125, 126], "summary": {"covered_lines": 46, "num_statements": 57, "percent_covered": 82.08955223880596, "percent_covered_display": "82.09", "missing_lines": 11, "excluded_lines": 5, "percent_statements_covered": 80.70175438596492, "percent_statements_covered_display": "80.70", "num_branches": 10, "num_partial_branches": 1, "covered_branches": 9, "missing_branches": 1, "percent_branches_covered": 90.0, "percent_branches_covered_display": "90.00"}, "missing_lines": [31, 49, 51, 69, 71, 88, 90, 108, 110, 127, 129], "excluded_lines": [50, 70, 89, 109, 128], "executed_branches": [[30, -28], [44, 45], [44, 46], [84, 85], [84, 86], [103, 104], [103, 105], [123, 124], [123, 125]], "missing_branches": [[30, 31]], "functions": {"RedisPipelineManager.__init__": {"executed_lines": [25, 26], "summary": {"covered_lines": 2, "num_statements": 2, "percent_covered": 100.0, "percent_covered_display": "100.00", "missing_lines": 0, "excluded_lines": 0, "percent_statements_covered": 100.0, "percent_statements_covered_display": "100.00", "num_branches": 0, "num_partial_branches": 0, "covered_branches": 0, "missing_branches": 0, "percent_branches_covered": 100.0, "percent_branches_covered_display": "100.00"}, "missing_lines": [], "excluded_lines": [], "start_line": 17, "executed_branches": [], "missing_branches": []}, "RedisPipelineManager.log": {"executed_lines": [30], "summary": {"covered_lines": 1, "num_statements": 2, "percent_covered": 50.0, "percent_covered_display": "50.00", "missing_lines": 1, "excluded_lines": 0, "percent_statements_covered": 50.0, "percent_statements_covered_display": "50.00", "num_branches": 2, "num_partial_branches": 1, "covered_branches": 1, "missing_branches": 1, "percent_branches_covered": 50.0, "percent_branches_covered_display": "50.00"}, "missing_lines": [31], "excluded_lines": [], "start_line": 28, "executed_branches": [[30, -28]], "missing_branches": [[30, 31]]}, "RedisPipelineManager.execute_commands": {"executed_lines": [42, 43, 44, 45, 46, 47, 48], "summary": {"covered_lines": 7, "num_statements": 9, "percent_covered": 81.81818181818181, "percent_covered_display": "81.82", "missing_lines": 2, "excluded_lines": 1, "percent_statements_covered": 77.77777777777777, "percent_statements_covered_display": "77.78", "num_branches": 2, "num_partial_branches": 0, "covered_branches": 2, "missing_branches": 0, "percent_branches_covered": 100.0, "percent_branches_covered_display": "100.00"}, "missing_lines": [49, 51], "excluded_lines": [50], "start_line": 33, "executed_branches": [[44, 45], [44, 46]], "missing_branches": []}, "RedisPipelineManager.set_get": {"executed_lines": [63, 64, 65, 66, 67, 68], "summary": {"covered_lines": 6, "num_statements": 8, "percent_covered": 75.0, "percent_covered_display": "75.00", "missing_lines": 2, "excluded_lines": 1, "percent_statements_covered": 75.0, "percent_statements_covered_display": "75.00", "num_branches": 0, "num_partial_branches": 0, "covered_branches": 0, "missing_branches": 0, "percent_branches_covered": 100.0, "percent_branches_covered_display": "100.00"}, "missing_lines": [69, 71], "excluded_lines": [70], "start_line": 53, "executed_branches": [], "missing_branches": []}, "RedisPipelineManager.mget_pipeline": {"executed_lines": [82, 83, 84, 85, 86, 87], "summary": {"covered_lines": 6, "num_statements": 8, "percent_covered": 80.0, "percent_covered_display": "80.00", "missing_lines": 2, "excluded_lines": 1, "percent_statements_covered": 75.0, "percent_statements_covered_display": "75.00", "num_branches": 2, "num_partial_branches": 0, "covered_branches": 2, "missing_branches": 0, "percent_branches_covered": 100.0, "percent_branches_covered_display": "100.00"}, "missing_lines": [88, 90], "excluded_lines": [89], "start_line": 73, "executed_branches": [[84, 85], [84, 86]], "missing_branches": []}, "RedisPipelineManager.mset_pipeline": {"executed_lines": [101, 102, 103, 104, 105, 106, 107], "summary": {"covered_lines": 7, "num_statements": 9, "percent_covered": 81.81818181818181, "percent_covered_display": "81.82", "missing_lines": 2, "excluded_lines": 1, "percent_statements_covered": 77.77777777777777, "percent_statements_covered_display": "77.78", "num_branches": 2, "num_partial_branches": 0, "covered_branches": 2, "missing_branches": 0, "percent_branches_covered": 100.0, "percent_branches_covered_display": "100.00"}, "missing_lines": [108, 110], "excluded_lines": [109], "start_line": 92, "executed_branches": [[103, 104], [103, 105]], "missing_branches": []}, "RedisPipelineManager.delete_keys": {"executed_lines": [121, 122, 123, 124, 125, 126], "summary": {"covered_lines": 6, "num_statements": 8, "percent_covered": 80.0, "percent_covered_display": "80.00", "missing_lines": 2, "excluded_lines": 1, "percent_statements_covered": 75.0, "percent_statements_covered_display": "75.00", "num_branches": 2, "num_partial_branches": 0, "covered_branches": 2, "missing_branches": 0, "percent_branches_covered": 100.0, "percent_branches_covered_display": "100.00"}, "missing_lines": [127, 129], "excluded_lines": [128], "start_line": 112, "executed_branches": [[123, 124], [123, 125]], "missing_branches": []}, "": {"executed_lines": [3, 5, 6, 9, 17, 28, 33, 53, 73, 92, 112], "summary": {"covered_lines": 11, "num_statements": 11, "percent_covered": 100.0, "percent_covered_display": "100.00", "missing_lines": 0, "excluded_lines": 0, "percent_statements_covered": 100.0, "percent_statements_covered_display": "100.00", "num_branches": 0, "num_partial_branches": 0, "covered_branches": 0, "missing_branches": 0, "percent_branches_covered": 100.0, "percent_branches_covered_display": "100.00"}, "missing_lines": [], "excluded_lines": [], "start_line": 1, "executed_branches": [], "missing_branches": []}}, "classes": {"RedisPipelineManager": {"executed_lines": [25, 26, 30, 42, 43, 44, 45, 46, 47, 48, 63, 64, 65, 66, 67, 68, 82, 83, 84, 85, 86, 87, 101, 102, 103, 104, 105, 106, 107, 121, 122, 123, 124, 125, 126], "summary": {"covered_lines": 35, "num_statements": 46, "percent_covered": 78.57142857142857, "percent_covered_display": "78.57", "missing_lines": 11, "excluded_lines": 5, "percent_statements_covered": 76.08695652173913, "percent_statements_covered_display": "76.09", "num_branches": 10, "num_partial_branches": 1, "covered_branches": 9, "missing_branches": 1, "percent_branches_covered": 90.0, "percent_branches_covered_display": "90.00"}, "missing_lines": [31, 49, 51, 69, 71, 88, 90, 108, 110, 127, 129], "excluded_lines": [50, 70, 89, 109, 128], "start_line": 9, "executed_branches": [[30, -28], [44, 45], [44, 46], [84, 85], [84, 86], [103, 104], [103, 105], [123, 124], [123, 125]], "missing_branches": [[30, 31]]}, "": {"executed_lines": [3, 5, 6, 9, 17, 28, 33, 53, 73, 92, 112], "summary": {"covered_lines": 11, "num_statements": 11, "percent_covered": 100.0, "percent_covered_display": "100.00", "missing_lines": 0, "excluded_lines": 0, "percent_statements_covered": 100.0, "percent_statements_covered_display": "100.00", "num_branches": 0, "num_partial_branches": 0, "covered_branches": 0, "missing_branches": 0, "percent_branches_covered": 100.0, "percent_branches_covered_display": "100.00"}, "missing_lines": [], "excluded_lines": [], "start_line": 1, "executed_branches": [], "missing_branches": []}}}, "wredis/pubsub/__init__.py": {"executed_lines": [1, 3], "summary": {"covered_lines": 2, "num_statements": 2, "percent_covered": 100.0, "percent_covered_display": "100.00", "missing_lines": 0, "excluded_lines": 0, "percent_statements_covered": 100.0, "percent_statements_covered_display": "100.00", "num_branches": 0, "num_partial_branches": 0, "covered_branches": 0, "missing_branches": 0, "percent_branches_covered": 100.0, "percent_branches_covered_display": "100.00"}, "missing_lines": [], "excluded_lines": [], "executed_branches": [], "missing_branches": [], "functions": {"": {"executed_lines": [1, 3], "summary": {"covered_lines": 2, "num_statements": 2, "percent_covered": 100.0, "percent_covered_display": "100.00", "missing_lines": 0, "excluded_lines": 0, "percent_statements_covered": 100.0, "percent_statements_covered_display": "100.00", "num_branches": 0, "num_partial_branches": 0, "covered_branches": 0, "missing_branches": 0, "percent_branches_covered": 100.0, "percent_branches_covered_display": "100.00"}, "missing_lines": [], "excluded_lines": [], "start_line": 1, "executed_branches": [], "missing_branches": []}}, "classes": {"": {"executed_lines": [1, 3], "summary": {"covered_lines": 2, "num_statements": 2, "percent_covered": 100.0, "percent_covered_display": "100.00", "missing_lines": 0, "excluded_lines": 0, "percent_statements_covered": 100.0, "percent_statements_covered_display": "100.00", "num_branches": 0, "num_partial_branches": 0, "covered_branches": 0, "missing_branches": 0, "percent_branches_covered": 100.0, "percent_branches_covered_display": "100.00"}, "missing_lines": [], "excluded_lines": [], "start_line": 1, "executed_branches": [], "missing_branches": []}}}, "wredis/pubsub/pupsub.py": {"executed_lines": [1, 2, 3, 4, 5, 7, 8, 11, 23, 39, 40, 41, 42, 43, 45, 53, 54, 56, 67, 68, 69, 70, 71, 73, 74, 75, 78, 89, 90, 91, 92, 93, 101, 103, 105, 113, 114, 115, 116, 118, 119, 126, 127, 128, 129, 131, 135, 138], "summary": {"covered_lines": 48, "num_statements": 56, "percent_covered": 80.55555555555556, "percent_covered_display": "80.56", "missing_lines": 8, "excluded_lines": 24, "percent_statements_covered": 85.71428571428571, "percent_statements_covered_display": "85.71", "num_branches": 16, "num_partial_branches": 4, "covered_branches": 10, "missing_branches": 6, "percent_branches_covered": 62.5, "percent_branches_covered_display": "62.50"}, "missing_lines": [97, 120, 121, 122, 123, 124, 136, 137], "excluded_lines": [76, 142, 144, 147, 148, 149, 150, 151, 152, 155, 156, 157, 158, 159, 160, 163, 164, 167, 168, 169, 170, 171, 173, 176], "executed_branches": [[53, -45], [53, 54], [68, 69], [68, 70], [70, 71], [70, 73], [90, 91], [118, 119], [119, 118], [135, 138]], "missing_branches": [[90, 97], [118, -113], [119, 120], [135, 136], [136, 135], [136, 137]], "functions": {"RedisPubSubManager.__init__": {"executed_lines": [39, 40, 41, 42, 43], "summary": {"covered_lines": 5, "num_statements": 5, "percent_covered": 100.0, "percent_covered_display": "100.00", "missing_lines": 0, "excluded_lines": 0, "percent_statements_covered": 100.0, "percent_statements_covered_display": "100.00", "num_branches": 0, "num_partial_branches": 0, "covered_branches": 0, "missing_branches": 0, "percent_branches_covered": 100.0, "percent_branches_covered_display": "100.00"}, "missing_lines": [], "excluded_lines": [], "start_line": 23, "executed_branches": [], "missing_branches": []}, "RedisPubSubManager.log": {"executed_lines": [53, 54], "summary": {"covered_lines": 2, "num_statements": 2, "percent_covered": 100.0, "percent_covered_display": "100.00", "missing_lines": 0, "excluded_lines": 0, "percent_statements_covered": 100.0, "percent_statements_covered_display": "100.00", "num_branches": 2, "num_partial_branches": 0, "covered_branches": 2, "missing_branches": 0, "percent_branches_covered": 100.0, "percent_branches_covered_display": "100.00"}, "missing_lines": [], "excluded_lines": [], "start_line": 45, "executed_branches": [[53, -45], [53, 54]], "missing_branches": []}, "RedisPubSubManager.publish_message": {"executed_lines": [67, 68, 69, 70, 71, 73, 74, 75], "summary": {"covered_lines": 8, "num_statements": 8, "percent_covered": 100.0, "percent_covered_display": "100.00", "missing_lines": 0, "excluded_lines": 1, "percent_statements_covered": 100.0, "percent_statements_covered_display": "100.00", "num_branches": 4, "num_partial_branches": 0, "covered_branches": 4, "missing_branches": 0, "percent_branches_covered": 100.0, "percent_branches_covered_display": "100.00"}, "missing_lines": [], "excluded_lines": [76], "start_line": 56, "executed_branches": [[68, 69], [68, 70], [70, 71], [70, 73]], "missing_branches": []}, "RedisPubSubManager.on_message": {"executed_lines": [89, 103], "summary": {"covered_lines": 2, "num_statements": 2, "percent_covered": 100.0, "percent_covered_display": "100.00", "missing_lines": 0, "excluded_lines": 0, "percent_statements_covered": 100.0, "percent_statements_covered_display": "100.00", "num_branches": 0, "num_partial_branches": 0, "covered_branches": 0, "missing_branches": 0, "percent_branches_covered": 100.0, "percent_branches_covered_display": "100.00"}, "missing_lines": [], "excluded_lines": [], "start_line": 78, "executed_branches": [], "missing_branches": []}, "RedisPubSubManager.on_message.decorator": {"executed_lines": [90, 91, 92, 93, 101], "summary": {"covered_lines": 5, "num_statements": 6, "percent_covered": 75.0, "percent_covered_display": "75.00", "missing_lines": 1, "excluded_lines": 0, "percent_statements_covered": 83.33333333333333, "percent_statements_covered_display": "83.33", "num_branches": 2, "num_partial_branches": 1, "covered_branches": 1, "missing_branches": 1, "percent_branches_covered": 50.0, "percent_branches_covered_display": "50.00"}, "missing_lines": [97], "excluded_lines": [], "start_line": 89, "executed_branches": [[90, 91]], "missing_branches": [[90, 97]]}, "RedisPubSubManager._start_listener": {"executed_lines": [113, 126, 127, 128, 129], "summary": {"covered_lines": 5, "num_statements": 5, "percent_covered": 100.0, "percent_covered_display": "100.00", "missing_lines": 0, "excluded_lines": 0, "percent_statements_covered": 100.0, "percent_statements_covered_display": "100.00", "num_branches": 0, "num_partial_branches": 0, "covered_branches": 0, "missing_branches": 0, "percent_branches_covered": 100.0, "percent_branches_covered_display": "100.00"}, "missing_lines": [], "excluded_lines": [], "start_line": 105, "executed_branches": [], "missing_branches": []}, "RedisPubSubManager._start_listener.listener": {"executed_lines": [114, 115, 116, 118, 119], "summary": {"covered_lines": 5, "num_statements": 10, "percent_covered": 50.0, "percent_covered_display": "50.00", "missing_lines": 5, "excluded_lines": 0, "percent_statements_covered": 50.0, "percent_statements_covered_display": "50.00", "num_branches": 4, "num_partial_branches": 2, "covered_branches": 2, "missing_branches": 2, "percent_branches_covered": 50.0, "percent_branches_covered_display": "50.00"}, "missing_lines": [120, 121, 122, 123, 124], "excluded_lines": [], "start_line": 113, "executed_branches": [[118, 119], [119, 118]], "missing_branches": [[118, -113], [119, 120]]}, "RedisPubSubManager.stop_listeners": {"executed_lines": [135, 138], "summary": {"covered_lines": 2, "num_statements": 4, "percent_covered": 37.5, "percent_covered_display": "37.50", "missing_lines": 2, "excluded_lines": 0, "percent_statements_covered": 50.0, "percent_statements_covered_display": "50.00", "num_branches": 4, "num_partial_branches": 1, "covered_branches": 1, "missing_branches": 3, "percent_branches_covered": 25.0, "percent_branches_covered_display": "25.00"}, "missing_lines": [136, 137], "excluded_lines": [], "start_line": 131, "executed_branches": [[135, 138]], "missing_branches": [[135, 136], [136, 135], [136, 137]]}, "handle_channel_1": {"executed_lines": [], "summary": {"covered_lines": 0, "num_statements": 0, "percent_covered": 100.0, "percent_covered_display": "100.00", "missing_lines": 0, "excluded_lines": 4, "percent_statements_covered": 100.0, "percent_statements_covered_display": "100.00", "num_branches": 0, "num_partial_branches": 0, "covered_branches": 0, "missing_branches": 0, "percent_branches_covered": 100.0, "percent_branches_covered_display": "100.00"}, "missing_lines": [], "excluded_lines": [149, 150, 151, 152], "start_line": 148, "executed_branches": [], "missing_branches": []}, "handle_channel_2": {"executed_lines": [], "summary": {"covered_lines": 0, "num_statements": 0, "percent_covered": 100.0, "percent_covered_display": "100.00", "missing_lines": 0, "excluded_lines": 4, "percent_statements_covered": 100.0, "percent_statements_covered_display": "100.00", "num_branches": 0, "num_partial_branches": 0, "covered_branches": 0, "missing_branches": 0, "percent_branches_covered": 100.0, "percent_branches_covered_display": "100.00"}, "missing_lines": [], "excluded_lines": [157, 158, 159, 160], "start_line": 156, "executed_branches": [], "missing_branches": []}, "signal_handler": {"executed_lines": [], "summary": {"covered_lines": 0, "num_statements": 0, "percent_covered": 100.0, "percent_covered_display": "100.00", "missing_lines": 0, "excluded_lines": 4, "percent_statements_covered": 100.0, "percent_statements_covered_display": "100.00", "num_branches": 0, "num_partial_branches": 0, "covered_branches": 0, "missing_branches": 0, "percent_branches_covered": 100.0, "percent_branches_covered_display": "100.00"}, "missing_lines": [], "excluded_lines": [168, 169, 170, 171], "start_line": 167, "executed_branches": [], "missing_branches": []}, "": {"executed_lines": [1, 2, 3, 4, 5, 7, 8, 11, 23, 45, 56, 78, 105, 131], "summary": {"covered_lines": 14, "num_statements": 14, "percent_covered": 100.0, "percent_covered_display": "100.00", "missing_lines": 0, "excluded_lines": 11, "percent_statements_covered": 100.0, "percent_statements_covered_display": "100.00", "num_branches": 0, "num_partial_branches": 0, "covered_branches": 0, "missing_branches": 0, "percent_branches_covered": 100.0, "percent_branches_covered_display": "100.00"}, "missing_lines": [], "excluded_lines": [142, 144, 147, 148, 155, 156, 163, 164, 167, 173, 176], "start_line": 1, "executed_branches": [], "missing_branches": []}}, "classes": {"RedisPubSubManager": {"executed_lines": [39, 40, 41, 42, 43, 53, 54, 67, 68, 69, 70, 71, 73, 74, 75, 89, 90, 91, 92, 93, 101, 103, 113, 114, 115, 116, 118, 119, 126, 127, 128, 129, 135, 138], "summary": {"covered_lines": 34, "num_statements": 42, "percent_covered": 75.86206896551724, "percent_covered_display": "75.86", "missing_lines": 8, "excluded_lines": 1, "percent_statements_covered": 80.95238095238095, "percent_statements_covered_display": "80.95", "num_branches": 16, "num_partial_branches": 4, "covered_branches": 10, "missing_branches": 6, "percent_branches_covered": 62.5, "percent_branches_covered_display": "62.50"}, "missing_lines": [97, 120, 121, 122, 123, 124, 136, 137], "excluded_lines": [76], "start_line": 11, "executed_branches": [[53, -45], [53, 54], [68, 69], [68, 70], [70, 71], [70, 73], [90, 91], [118, 119], [119, 118], [135, 138]], "missing_branches": [[90, 97], [118, -113], [119, 120], [135, 136], [136, 135], [136, 137]]}, "": {"executed_lines": [1, 2, 3, 4, 5, 7, 8, 11, 23, 45, 56, 78, 105, 131], "summary": {"covered_lines": 14, "num_statements": 14, "percent_covered": 100.0, "percent_covered_display": "100.00", "missing_lines": 0, "excluded_lines": 23, "percent_statements_covered": 100.0, "percent_statements_covered_display": "100.00", "num_branches": 0, "num_partial_branches": 0, "covered_branches": 0, "missing_branches": 0, "percent_branches_covered": 100.0, "percent_branches_covered_display": "100.00"}, "missing_lines": [], "excluded_lines": [142, 144, 147, 148, 149, 150, 151, 152, 155, 156, 157, 158, 159, 160, 163, 164, 167, 168, 169, 170, 171, 173, 176], "start_line": 1, "executed_branches": [], "missing_branches": []}}}, "wredis/sets/__init__.py": {"executed_lines": [1, 3], "summary": {"covered_lines": 2, "num_statements": 2, "percent_covered": 100.0, "percent_covered_display": "100.00", "missing_lines": 0, "excluded_lines": 0, "percent_statements_covered": 100.0, "percent_statements_covered_display": "100.00", "num_branches": 0, "num_partial_branches": 0, "covered_branches": 0, "missing_branches": 0, "percent_branches_covered": 100.0, "percent_branches_covered_display": "100.00"}, "missing_lines": [], "excluded_lines": [], "executed_branches": [], "missing_branches": [], "functions": {"": {"executed_lines": [1, 3], "summary": {"covered_lines": 2, "num_statements": 2, "percent_covered": 100.0, "percent_covered_display": "100.00", "missing_lines": 0, "excluded_lines": 0, "percent_statements_covered": 100.0, "percent_statements_covered_display": "100.00", "num_branches": 0, "num_partial_branches": 0, "covered_branches": 0, "missing_branches": 0, "percent_branches_covered": 100.0, "percent_branches_covered_display": "100.00"}, "missing_lines": [], "excluded_lines": [], "start_line": 1, "executed_branches": [], "missing_branches": []}}, "classes": {"": {"executed_lines": [1, 3], "summary": {"covered_lines": 2, "num_statements": 2, "percent_covered": 100.0, "percent_covered_display": "100.00", "missing_lines": 0, "excluded_lines": 0, "percent_statements_covered": 100.0, "percent_statements_covered_display": "100.00", "num_branches": 0, "num_partial_branches": 0, "covered_branches": 0, "missing_branches": 0, "percent_branches_covered": 100.0, "percent_branches_covered_display": "100.00"}, "missing_lines": [], "excluded_lines": [], "start_line": 1, "executed_branches": [], "missing_branches": []}}}, "wredis/sets/sets.py": {"executed_lines": [1, 2, 5, 15, 31, 32, 34, 42, 45, 54, 55, 56, 58, 59, 60, 64, 74, 75, 76, 77, 82, 93, 94, 95, 98, 103, 111, 112, 113, 117, 127, 128, 129, 130, 131, 132, 134, 135, 140, 148, 149, 150, 151, 153], "summary": {"covered_lines": 44, "num_statements": 54, "percent_covered": 82.8125, "percent_covered_display": "82.81", "missing_lines": 10, "excluded_lines": 6, "percent_statements_covered": 81.48148148148148, "percent_statements_covered_display": "81.48", "num_branches": 10, "num_partial_branches": 1, "covered_branches": 9, "missing_branches": 1, "percent_branches_covered": 90.0, "percent_branches_covered_display": "90.00"}, "missing_lines": [43, 61, 78, 80, 99, 101, 114, 136, 138, 157], "excluded_lines": [62, 79, 100, 115, 137, 158], "executed_branches": [[42, -34], [58, -45], [58, 59], [129, 130], [129, 131], [131, 132], [131, 134], [149, 150], [149, 153]], "missing_branches": [[42, 43]], "functions": {"RedisSetManager.__init__": {"executed_lines": [31, 32], "summary": {"covered_lines": 2, "num_statements": 2, "percent_covered": 100.0, "percent_covered_display": "100.00", "missing_lines": 0, "excluded_lines": 0, "percent_statements_covered": 100.0, "percent_statements_covered_display": "100.00", "num_branches": 0, "num_partial_branches": 0, "covered_branches": 0, "missing_branches": 0, "percent_branches_covered": 100.0, "percent_branches_covered_display": "100.00"}, "missing_lines": [], "excluded_lines": [], "start_line": 15, "executed_branches": [], "missing_branches": []}, "RedisSetManager.log": {"executed_lines": [42], "summary": {"covered_lines": 1, "num_statements": 2, "percent_covered": 50.0, "percent_covered_display": "50.00", "missing_lines": 1, "excluded_lines": 0, "percent_statements_covered": 50.0, "percent_statements_covered_display": "50.00", "num_branches": 2, "num_partial_branches": 1, "covered_branches": 1, "missing_branches": 1, "percent_branches_covered": 50.0, "percent_branches_covered_display": "50.00"}, "missing_lines": [43], "excluded_lines": [], "start_line": 34, "executed_branches": [[42, -34]], "missing_branches": [[42, 43]]}, "RedisSetManager.add_to_set": {"executed_lines": [54, 55, 56, 58, 59, 60], "summary": {"covered_lines": 6, "num_statements": 7, "percent_covered": 88.88888888888889, "percent_covered_display": "88.89", "missing_lines": 1, "excluded_lines": 1, "percent_statements_covered": 85.71428571428571, "percent_statements_covered_display": "85.71", "num_branches": 2, "num_partial_branches": 0, "covered_branches": 2, "missing_branches": 0, "percent_branches_covered": 100.0, "percent_branches_covered_display": "100.00"}, "missing_lines": [61], "excluded_lines": [62], "start_line": 45, "executed_branches": [[58, -45], [58, 59]], "missing_branches": []}, "RedisSetManager.get_set_members": {"executed_lines": [74, 75, 76, 77], "summary": {"covered_lines": 4, "num_statements": 6, "percent_covered": 66.66666666666667, "percent_covered_display": "66.67", "missing_lines": 2, "excluded_lines": 1, "percent_statements_covered": 66.66666666666667, "percent_statements_covered_display": "66.67", "num_branches": 0, "num_partial_branches": 0, "covered_branches": 0, "missing_branches": 0, "percent_branches_covered": 100.0, "percent_branches_covered_display": "100.00"}, "missing_lines": [78, 80], "excluded_lines": [79], "start_line": 64, "executed_branches": [], "missing_branches": []}, "RedisSetManager.is_member": {"executed_lines": [93, 94, 95, 98], "summary": {"covered_lines": 4, "num_statements": 6, "percent_covered": 66.66666666666667, "percent_covered_display": "66.67", "missing_lines": 2, "excluded_lines": 1, "percent_statements_covered": 66.66666666666667, "percent_statements_covered_display": "66.67", "num_branches": 0, "num_partial_branches": 0, "covered_branches": 0, "missing_branches": 0, "percent_branches_covered": 100.0, "percent_branches_covered_display": "100.00"}, "missing_lines": [99, 101], "excluded_lines": [100], "start_line": 82, "executed_branches": [], "missing_branches": []}, "RedisSetManager.remove_from_set": {"executed_lines": [111, 112, 113], "summary": {"covered_lines": 3, "num_statements": 4, "percent_covered": 75.0, "percent_covered_display": "75.00", "missing_lines": 1, "excluded_lines": 1, "percent_statements_covered": 75.0, "percent_statements_covered_display": "75.00", "num_branches": 0, "num_partial_branches": 0, "covered_branches": 0, "missing_branches": 0, "percent_branches_covered": 100.0, "percent_branches_covered_display": "100.00"}, "missing_lines": [114], "excluded_lines": [115], "start_line": 103, "executed_branches": [], "missing_branches": []}, "RedisSetManager.get_ttl": {"executed_lines": [127, 128, 129, 130, 131, 132, 134, 135], "summary": {"covered_lines": 8, "num_statements": 10, "percent_covered": 85.71428571428571, "percent_covered_display": "85.71", "missing_lines": 2, "excluded_lines": 1, "percent_statements_covered": 80.0, "percent_statements_covered_display": "80.00", "num_branches": 4, "num_partial_branches": 0, "covered_branches": 4, "missing_branches": 0, "percent_branches_covered": 100.0, "percent_branches_covered_display": "100.00"}, "missing_lines": [136, 138], "excluded_lines": [137], "start_line": 117, "executed_branches": [[129, 130], [129, 131], [131, 132], [131, 134]], "missing_branches": []}, "RedisSetManager.extend_ttl": {"executed_lines": [148, 149, 150, 151, 153], "summary": {"covered_lines": 5, "num_statements": 6, "percent_covered": 87.5, "percent_covered_display": "87.50", "missing_lines": 1, "excluded_lines": 1, "percent_statements_covered": 83.33333333333333, "percent_statements_covered_display": "83.33", "num_branches": 2, "num_partial_branches": 0, "covered_branches": 2, "missing_branches": 0, "percent_branches_covered": 100.0, "percent_branches_covered_display": "100.00"}, "missing_lines": [157], "excluded_lines": [158], "start_line": 140, "executed_branches": [[149, 150], [149, 153]], "missing_branches": []}, "": {"executed_lines": [1, 2, 5, 15, 34, 45, 64, 82, 103, 117, 140], "summary": {"covered_lines": 11, "num_statements": 11, "percent_covered": 100.0, "percent_covered_display": "100.00", "missing_lines": 0, "excluded_lines": 0, "percent_statements_covered": 100.0, "percent_statements_covered_display": "100.00", "num_branches": 0, "num_partial_branches": 0, "covered_branches": 0, "missing_branches": 0, "percent_branches_covered": 100.0, "percent_branches_covered_display": "100.00"}, "missing_lines": [], "excluded_lines": [], "start_line": 1, "executed_branches": [], "missing_branches": []}}, "classes": {"RedisSetManager": {"executed_lines": [31, 32, 42, 54, 55, 56, 58, 59, 60, 74, 75, 76, 77, 93, 94, 95, 98, 111, 112, 113, 127, 128, 129, 130, 131, 132, 134, 135, 148, 149, 150, 151, 153], "summary": {"covered_lines": 33, "num_statements": 43, "percent_covered": 79.24528301886792, "percent_covered_display": "79.25", "missing_lines": 10, "excluded_lines": 6, "percent_statements_covered": 76.74418604651163, "percent_statements_covered_display": "76.74", "num_branches": 10, "num_partial_branches": 1, "covered_branches": 9, "missing_branches": 1, "percent_branches_covered": 90.0, "percent_branches_covered_display": "90.00"}, "missing_lines": [43, 61, 78, 80, 99, 101, 114, 136, 138, 157], "excluded_lines": [62, 79, 100, 115, 137, 158], "start_line": 5, "executed_branches": [[42, -34], [58, -45], [58, 59], [129, 130], [129, 131], [131, 132], [131, 134], [149, 150], [149, 153]], "missing_branches": [[42, 43]]}, "": {"executed_lines": [1, 2, 5, 15, 34, 45, 64, 82, 103, 117, 140], "summary": {"covered_lines": 11, "num_statements": 11, "percent_covered": 100.0, "percent_covered_display": "100.00", "missing_lines": 0, "excluded_lines": 0, "percent_statements_covered": 100.0, "percent_statements_covered_display": "100.00", "num_branches": 0, "num_partial_branches": 0, "covered_branches": 0, "missing_branches": 0, "percent_branches_covered": 100.0, "percent_branches_covered_display": "100.00"}, "missing_lines": [], "excluded_lines": [], "start_line": 1, "executed_branches": [], "missing_branches": []}}}, "wredis/sortedset/__init__.py": {"executed_lines": [1, 3], "summary": {"covered_lines": 2, "num_statements": 2, "percent_covered": 100.0, "percent_covered_display": "100.00", "missing_lines": 0, "excluded_lines": 0, "percent_statements_covered": 100.0, "percent_statements_covered_display": "100.00", "num_branches": 0, "num_partial_branches": 0, "covered_branches": 0, "missing_branches": 0, "percent_branches_covered": 100.0, "percent_branches_covered_display": "100.00"}, "missing_lines": [], "excluded_lines": [], "executed_branches": [], "missing_branches": [], "functions": {"": {"executed_lines": [1, 3], "summary": {"covered_lines": 2, "num_statements": 2, "percent_covered": 100.0, "percent_covered_display": "100.00", "missing_lines": 0, "excluded_lines": 0, "percent_statements_covered": 100.0, "percent_statements_covered_display": "100.00", "num_branches": 0, "num_partial_branches": 0, "covered_branches": 0, "missing_branches": 0, "percent_branches_covered": 100.0, "percent_branches_covered_display": "100.00"}, "missing_lines": [], "excluded_lines": [], "start_line": 1, "executed_branches": [], "missing_branches": []}}, "classes": {"": {"executed_lines": [1, 3], "summary": {"covered_lines": 2, "num_statements": 2, "percent_covered": 100.0, "percent_covered_display": "100.00", "missing_lines": 0, "excluded_lines": 0, "percent_statements_covered": 100.0, "percent_statements_covered_display": "100.00", "num_branches": 0, "num_partial_branches": 0, "covered_branches": 0, "missing_branches": 0, "percent_branches_covered": 100.0, "percent_branches_covered_display": "100.00"}, "missing_lines": [], "excluded_lines": [], "start_line": 1, "executed_branches": [], "missing_branches": []}}}, "wredis/sortedset/sortedset.py": {"executed_lines": [1, 2, 5, 14, 30, 31, 33, 41, 44, 54, 55, 56, 58, 59, 60, 64, 79, 80, 82, 83, 85, 87, 88, 93, 108, 109, 110, 111, 113, 115, 116, 121, 129, 130, 131, 135, 146, 147, 148, 149, 154, 165, 166, 167, 168, 173, 186, 203, 213, 214, 215, 216, 217, 220, 221, 226, 241], "summary": {"covered_lines": 57, "num_statements": 94, "percent_covered": 60.90909090909091, "percent_covered_display": "60.91", "missing_lines": 37, "excluded_lines": 11, "percent_statements_covered": 60.638297872340424, "percent_statements_covered_display": "60.64", "num_branches": 16, "num_partial_branches": 2, "covered_branches": 10, "missing_branches": 6, "percent_branches_covered": 62.5, "percent_branches_covered_display": "62.50"}, "missing_lines": [42, 61, 89, 91, 117, 119, 132, 150, 152, 169, 171, 180, 181, 182, 183, 194, 195, 196, 197, 199, 200, 218, 222, 224, 235, 236, 237, 238, 256, 257, 258, 259, 261, 262, 263, 264, 266], "excluded_lines": [62, 90, 118, 133, 151, 170, 184, 201, 223, 239, 265], "executed_branches": [[41, -33], [58, -44], [58, 59], [82, 83], [82, 85], [110, 111], [110, 113], [215, 216], [215, 217], [217, 220]], "missing_branches": [[41, 42], [195, 196], [195, 199], [217, 218], [258, 259], [258, 261]], "functions": {"RedisSortedSetManager.__init__": {"executed_lines": [30, 31], "summary": {"covered_lines": 2, "num_statements": 2, "percent_covered": 100.0, "percent_covered_display": "100.00", "missing_lines": 0, "excluded_lines": 0, "percent_statements_covered": 100.0, "percent_statements_covered_display": "100.00", "num_branches": 0, "num_partial_branches": 0, "covered_branches": 0, "missing_branches": 0, "percent_branches_covered": 100.0, "percent_branches_covered_display": "100.00"}, "missing_lines": [], "excluded_lines": [], "start_line": 14, "executed_branches": [], "missing_branches": []}, "RedisSortedSetManager.log": {"executed_lines": [41], "summary": {"covered_lines": 1, "num_statements": 2, "percent_covered": 50.0, "percent_covered_display": "50.00", "missing_lines": 1, "excluded_lines": 0, "percent_statements_covered": 50.0, "percent_statements_covered_display": "50.00", "num_branches": 2, "num_partial_branches": 1, "covered_branches": 1, "missing_branches": 1, "percent_branches_covered": 50.0, "percent_branches_covered_display": "50.00"}, "missing_lines": [42], "excluded_lines": [], "start_line": 33, "executed_branches": [[41, -33]], "missing_branches": [[41, 42]]}, "RedisSortedSetManager.add_to_sorted_set": {"executed_lines": [54, 55, 56, 58, 59, 60], "summary": {"covered_lines": 6, "num_statements": 7, "percent_covered": 88.88888888888889, "percent_covered_display": "88.89", "missing_lines": 1, "excluded_lines": 1, "percent_statements_covered": 85.71428571428571, "percent_statements_covered_display": "85.71", "num_branches": 2, "num_partial_branches": 0, "covered_branches": 2, "missing_branches": 0, "percent_branches_covered": 100.0, "percent_branches_covered_display": "100.00"}, "missing_lines": [61], "excluded_lines": [62], "start_line": 44, "executed_branches": [[58, -44], [58, 59]], "missing_branches": []}, "RedisSortedSetManager.get_sorted_set": {"executed_lines": [79, 80, 82, 83, 85, 87, 88], "summary": {"covered_lines": 7, "num_statements": 9, "percent_covered": 81.81818181818181, "percent_covered_display": "81.82", "missing_lines": 2, "excluded_lines": 1, "percent_statements_covered": 77.77777777777777, "percent_statements_covered_display": "77.78", "num_branches": 2, "num_partial_branches": 0, "covered_branches": 2, "missing_branches": 0, "percent_branches_covered": 100.0, "percent_branches_covered_display": "100.00"}, "missing_lines": [89, 91], "excluded_lines": [90], "start_line": 64, "executed_branches": [[82, 83], [82, 85]], "missing_branches": []}, "RedisSortedSetManager.get_sorted_set_reverse": {"executed_lines": [108, 109, 110, 111, 113, 115, 116], "summary": {"covered_lines": 7, "num_statements": 9, "percent_covered": 81.81818181818181, "percent_covered_display": "81.82", "missing_lines": 2, "excluded_lines": 1, "percent_statements_covered": 77.77777777777777, "percent_statements_covered_display": "77.78", "num_branches": 2, "num_partial_branches": 0, "covered_branches": 2, "missing_branches": 0, "percent_branches_covered": 100.0, "percent_branches_covered_display": "100.00"}, "missing_lines": [117, 119], "excluded_lines": [118], "start_line": 93, "executed_branches": [[110, 111], [110, 113]], "missing_branches": []}, "RedisSortedSetManager.remove_from_sorted_set": {"executed_lines": [129, 130, 131], "summary": {"covered_lines": 3, "num_statements": 4, "percent_covered": 75.0, "percent_covered_display": "75.00", "missing_lines": 1, "excluded_lines": 1, "percent_statements_covered": 75.0, "percent_statements_covered_display": "75.00", "num_branches": 0, "num_partial_branches": 0, "covered_branches": 0, "missing_branches": 0, "percent_branches_covered": 100.0, "percent_branches_covered_display": "100.00"}, "missing_lines": [132], "excluded_lines": [133], "start_line": 121, "executed_branches": [], "missing_branches": []}, "RedisSortedSetManager.get_rank": {"executed_lines": [146, 147, 148, 149], "summary": {"covered_lines": 4, "num_statements": 6, "percent_covered": 66.66666666666667, "percent_covered_display": "66.67", "missing_lines": 2, "excluded_lines": 1, "percent_statements_covered": 66.66666666666667, "percent_statements_covered_display": "66.67", "num_branches": 0, "num_partial_branches": 0, "covered_branches": 0, "missing_branches": 0, "percent_branches_covered": 100.0, "percent_branches_covered_display": "100.00"}, "missing_lines": [150, 152], "excluded_lines": [151], "start_line": 135, "executed_branches": [], "missing_branches": []}, "RedisSortedSetManager.get_score": {"executed_lines": [165, 166, 167, 168], "summary": {"covered_lines": 4, "num_statements": 6, "percent_covered": 66.66666666666667, "percent_covered_display": "66.67", "missing_lines": 2, "excluded_lines": 1, "percent_statements_covered": 66.66666666666667, "percent_statements_covered_display": "66.67", "num_branches": 0, "num_partial_branches": 0, "covered_branches": 0, "missing_branches": 0, "percent_branches_covered": 100.0, "percent_branches_covered_display": "100.00"}, "missing_lines": [169, 171], "excluded_lines": [170], "start_line": 154, "executed_branches": [], "missing_branches": []}, "RedisSortedSetManager.delete_sorted_set": {"executed_lines": [], "summary": {"covered_lines": 0, "num_statements": 4, "percent_covered": 0.0, "percent_covered_display": "0.00", "missing_lines": 4, "excluded_lines": 1, "percent_statements_covered": 0.0, "percent_statements_covered_display": "0.00", "num_branches": 0, "num_partial_branches": 0, "covered_branches": 0, "missing_branches": 0, "percent_branches_covered": 100.0, "percent_branches_covered_display": "100.00"}, "missing_lines": [180, 181, 182, 183], "excluded_lines": [184], "start_line": 173, "executed_branches": [], "missing_branches": []}, "RedisSortedSetManager.set_ttl": {"executed_lines": [], "summary": {"covered_lines": 0, "num_statements": 6, "percent_covered": 0.0, "percent_covered_display": "0.00", "missing_lines": 6, "excluded_lines": 1, "percent_statements_covered": 0.0, "percent_statements_covered_display": "0.00", "num_branches": 2, "num_partial_branches": 0, "covered_branches": 0, "missing_branches": 2, "percent_branches_covered": 0.0, "percent_branches_covered_display": "0.00"}, "missing_lines": [194, 195, 196, 197, 199, 200], "excluded_lines": [201], "start_line": 186, "executed_branches": [], "missing_branches": [[195, 196], [195, 199]]}, "RedisSortedSetManager.get_ttl": {"executed_lines": [213, 214, 215, 216, 217, 220, 221], "summary": {"covered_lines": 7, "num_statements": 10, "percent_covered": 71.42857142857143, "percent_covered_display": "71.43", "missing_lines": 3, "excluded_lines": 1, "percent_statements_covered": 70.0, "percent_statements_covered_display": "70.00", "num_branches": 4, "num_partial_branches": 1, "covered_branches": 3, "missing_branches": 1, "percent_branches_covered": 75.0, "percent_branches_covered_display": "75.00"}, "missing_lines": [218, 222, 224], "excluded_lines": [223], "start_line": 203, "executed_branches": [[215, 216], [215, 217], [217, 220]], "missing_branches": [[217, 218]]}, "RedisSortedSetManager.increment_score": {"executed_lines": [], "summary": {"covered_lines": 0, "num_statements": 4, "percent_covered": 0.0, "percent_covered_display": "0.00", "missing_lines": 4, "excluded_lines": 1, "percent_statements_covered": 0.0, "percent_statements_covered_display": "0.00", "num_branches": 0, "num_partial_branches": 0, "covered_branches": 0, "missing_branches": 0, "percent_branches_covered": 100.0, "percent_branches_covered_display": "100.00"}, "missing_lines": [235, 236, 237, 238], "excluded_lines": [239], "start_line": 226, "executed_branches": [], "missing_branches": []}, "RedisSortedSetManager.get_sorted_set_by_score": {"executed_lines": [], "summary": {"covered_lines": 0, "num_statements": 9, "percent_covered": 0.0, "percent_covered_display": "0.00", "missing_lines": 9, "excluded_lines": 1, "percent_statements_covered": 0.0, "percent_statements_covered_display": "0.00", "num_branches": 2, "num_partial_branches": 0, "covered_branches": 0, "missing_branches": 2, "percent_branches_covered": 0.0, "percent_branches_covered_display": "0.00"}, "missing_lines": [256, 257, 258, 259, 261, 262, 263, 264, 266], "excluded_lines": [265], "start_line": 241, "executed_branches": [], "missing_branches": [[258, 259], [258, 261]]}, "": {"executed_lines": [1, 2, 5, 14, 33, 44, 64, 93, 121, 135, 154, 173, 186, 203, 226, 241], "summary": {"covered_lines": 16, "num_statements": 16, "percent_covered": 100.0, "percent_covered_display": "100.00", "missing_lines": 0, "excluded_lines": 0, "percent_statements_covered": 100.0, "percent_statements_covered_display": "100.00", "num_branches": 0, "num_partial_branches": 0, "covered_branches": 0, "missing_branches": 0, "percent_branches_covered": 100.0, "percent_branches_covered_display": "100.00"}, "missing_lines": [], "excluded_lines": [], "start_line": 1, "executed_branches": [], "missing_branches": []}}, "classes": {"RedisSortedSetManager": {"executed_lines": [30, 31, 41, 54, 55, 56, 58, 59, 60, 79, 80, 82, 83, 85, 87, 88, 108, 109, 110, 111, 113, 115, 116, 129, 130, 131, 146, 147, 148, 149, 165, 166, 167, 168, 213, 214, 215, 216, 217, 220, 221], "summary": {"covered_lines": 41, "num_statements": 78, "percent_covered": 54.255319148936174, "percent_covered_display": "54.26", "missing_lines": 37, "excluded_lines": 11, "percent_statements_covered": 52.56410256410256, "percent_statements_covered_display": "52.56", "num_branches": 16, "num_partial_branches": 2, "covered_branches": 10, "missing_branches": 6, "percent_branches_covered": 62.5, "percent_branches_covered_display": "62.50"}, "missing_lines": [42, 61, 89, 91, 117, 119, 132, 150, 152, 169, 171, 180, 181, 182, 183, 194, 195, 196, 197, 199, 200, 218, 222, 224, 235, 236, 237, 238, 256, 257, 258, 259, 261, 262, 263, 264, 266], "excluded_lines": [62, 90, 118, 133, 151, 170, 184, 201, 223, 239, 265], "start_line": 5, "executed_branches": [[41, -33], [58, -44], [58, 59], [82, 83], [82, 85], [110, 111], [110, 113], [215, 216], [215, 217], [217, 220]], "missing_branches": [[41, 42], [195, 196], [195, 199], [217, 218], [258, 259], [258, 261]]}, "": {"executed_lines": [1, 2, 5, 14, 33, 44, 64, 93, 121, 135, 154, 173, 186, 203, 226, 241], "summary": {"covered_lines": 16, "num_statements": 16, "percent_covered": 100.0, "percent_covered_display": "100.00", "missing_lines": 0, "excluded_lines": 0, "percent_statements_covered": 100.0, "percent_statements_covered_display": "100.00", "num_branches": 0, "num_partial_branches": 0, "covered_branches": 0, "missing_branches": 0, "percent_branches_covered": 100.0, "percent_branches_covered_display": "100.00"}, "missing_lines": [], "excluded_lines": [], "start_line": 1, "executed_branches": [], "missing_branches": []}}}}, "totals": {"covered_lines": 395, "num_statements": 504, "percent_covered": 78.18791946308725, "percent_covered_display": "78.19", "missing_lines": 109, "excluded_lines": 67, "percent_statements_covered": 78.37301587301587, "percent_statements_covered_display": "78.37", "num_branches": 92, "num_partial_branches": 13, "covered_branches": 71, "missing_branches": 21, "percent_branches_covered": 77.17391304347827, "percent_branches_covered_display": "77.17"}}